The system is: Darwin - 21.1.0 - x86_64
Compiling the C compiler identification source file "CMakeCCompilerId.c" succeeded.
Compiler: /Applications/Xcode.app/Contents/Developer/Toolchains/XcodeDefault.xctoolchain/usr/bin/cc 
Build flags: 
Id flags: -c 

The output was:
0


Compilation of the C compiler identification source "CMakeCCompilerId.c" produced "CMakeCCompilerId.o"

The C compiler identification is AppleClang, found in "/Users/jesse0x90/Documents/code/projects/pcre2/build/CMakeFiles/3.20.1/CompilerIdC/CMakeCCompilerId.o"

Detecting C compiler ABI info compiled with the following output:
Change Dir: /Users/jesse0x90/Documents/code/projects/pcre2/build/CMakeFiles/CMakeTmp

Run Build Command(s):/usr/bin/make -f Makefile cmTC_a574b/fast && /Applications/Xcode.app/Contents/Developer/usr/bin/make  -f CMakeFiles/cmTC_a574b.dir/build.make CMakeFiles/cmTC_a574b.dir/build
Building C object CMakeFiles/cmTC_a574b.dir/CMakeCCompilerABI.c.o
/Applications/Xcode.app/Contents/Developer/Toolchains/XcodeDefault.xctoolchain/usr/bin/cc   -isysroot /Applications/Xcode.app/Contents/Developer/Platforms/MacOSX.platform/Developer/SDKs/MacOSX12.3.sdk -mmacosx-version-min=12.0   -v -Wl,-v -MD -MT CMakeFiles/cmTC_a574b.dir/CMakeCCompilerABI.c.o -MF CMakeFiles/cmTC_a574b.dir/CMakeCCompilerABI.c.o.d -o CMakeFiles/cmTC_a574b.dir/CMakeCCompilerABI.c.o -c /usr/local/Cellar/cmake/3.20.1/share/cmake/Modules/CMakeCCompilerABI.c
Apple clang version 13.1.6 (clang-1316.0.21.2.5)
Target: x86_64-apple-darwin21.1.0
Thread model: posix
InstalledDir: /Applications/Xcode.app/Contents/Developer/Toolchains/XcodeDefault.xctoolchain/usr/bin
clang: warning: -Wl,-v: 'linker' input unused [-Wunused-command-line-argument]
 "/Applications/Xcode.app/Contents/Developer/Toolchains/XcodeDefault.xctoolchain/usr/bin/clang" -cc1 -triple x86_64-apple-macosx12.0.0 -Wundef-prefix=TARGET_OS_ -Wdeprecated-objc-isa-usage -Werror=deprecated-objc-isa-usage -Werror=implicit-function-declaration -emit-obj -mrelax-all --mrelax-relocations -disable-free -disable-llvm-verifier -discard-value-names -main-file-name CMakeCCompilerABI.c -mrelocation-model pic -pic-level 2 -mframe-pointer=all -fno-strict-return -fno-rounding-math -munwind-tables -target-sdk-version=12.3 -fvisibility-inlines-hidden-static-local-var -target-cpu penryn -tune-cpu generic -debugger-tuning=lldb -target-linker-version 763 -v -resource-dir /Applications/Xcode.app/Contents/Developer/Toolchains/XcodeDefault.xctoolchain/usr/lib/clang/13.1.6 -dependency-file CMakeFiles/cmTC_a574b.dir/CMakeCCompilerABI.c.o.d -skip-unused-modulemap-deps -MT CMakeFiles/cmTC_a574b.dir/CMakeCCompilerABI.c.o -sys-header-deps -isysroot /Applications/Xcode.app/Contents/Developer/Platforms/MacOSX.platform/Developer/SDKs/MacOSX12.3.sdk -internal-isystem /Applications/Xcode.app/Contents/Developer/Platforms/MacOSX.platform/Developer/SDKs/MacOSX12.3.sdk/usr/local/include -internal-isystem /Applications/Xcode.app/Contents/Developer/Toolchains/XcodeDefault.xctoolchain/usr/lib/clang/13.1.6/include -internal-externc-isystem /Applications/Xcode.app/Contents/Developer/Platforms/MacOSX.platform/Developer/SDKs/MacOSX12.3.sdk/usr/include -internal-externc-isystem /Applications/Xcode.app/Contents/Developer/Toolchains/XcodeDefault.xctoolchain/usr/include -Wno-reorder-init-list -Wno-implicit-int-float-conversion -Wno-c99-designator -Wno-final-dtor-non-final-class -Wno-extra-semi-stmt -Wno-misleading-indentation -Wno-quoted-include-in-framework-header -Wno-implicit-fallthrough -Wno-enum-enum-conversion -Wno-enum-float-conversion -Wno-elaborated-enum-base -Wno-reserved-identifier -Wno-gnu-folding-constant -Wno-objc-load-method -fdebug-compilation-dir=/Users/jesse0x90/Documents/code/projects/pcre2/build/CMakeFiles/CMakeTmp -ferror-limit 19 -stack-protector 1 -fstack-check -mdarwin-stkchk-strong-link -fblocks -fencode-extended-block-signature -fregister-global-dtors-with-atexit -fgnuc-version=4.2.1 -fmax-type-align=16 -fcommon -clang-vendor-feature=+messageToSelfInClassMethodIdReturnType -clang-vendor-feature=+disableInferNewAvailabilityFromInit -clang-vendor-feature=+disableNonDependentMemberExprInCurrentInstantiation -fno-odr-hash-protocols -clang-vendor-feature=+enableAggressiveVLAFolding -clang-vendor-feature=+revert09abecef7bbf -clang-vendor-feature=+thisNoAlignAttr -clang-vendor-feature=+thisNoNullAttr -mllvm -disable-aligned-alloc-awareness=1 -D__GCC_HAVE_DWARF2_CFI_ASM=1 -o CMakeFiles/cmTC_a574b.dir/CMakeCCompilerABI.c.o -x c /usr/local/Cellar/cmake/3.20.1/share/cmake/Modules/CMakeCCompilerABI.c
clang -cc1 version 13.1.6 (clang-1316.0.21.2.5) default target x86_64-apple-darwin21.1.0
ignoring nonexistent directory "/Applications/Xcode.app/Contents/Developer/Platforms/MacOSX.platform/Developer/SDKs/MacOSX12.3.sdk/usr/local/include"
ignoring nonexistent directory "/Applications/Xcode.app/Contents/Developer/Platforms/MacOSX.platform/Developer/SDKs/MacOSX12.3.sdk/Library/Frameworks"
#include "..." search starts here:
#include <...> search starts here:
 /Applications/Xcode.app/Contents/Developer/Toolchains/XcodeDefault.xctoolchain/usr/lib/clang/13.1.6/include
 /Applications/Xcode.app/Contents/Developer/Platforms/MacOSX.platform/Developer/SDKs/MacOSX12.3.sdk/usr/include
 /Applications/Xcode.app/Contents/Developer/Toolchains/XcodeDefault.xctoolchain/usr/include
 /Applications/Xcode.app/Contents/Developer/Platforms/MacOSX.platform/Developer/SDKs/MacOSX12.3.sdk/System/Library/Frameworks (framework directory)
End of search list.
Linking C executable cmTC_a574b
/usr/local/Cellar/cmake/3.20.1/bin/cmake -E cmake_link_script CMakeFiles/cmTC_a574b.dir/link.txt --verbose=1
/Applications/Xcode.app/Contents/Developer/Toolchains/XcodeDefault.xctoolchain/usr/bin/cc  -isysroot /Applications/Xcode.app/Contents/Developer/Platforms/MacOSX.platform/Developer/SDKs/MacOSX12.3.sdk -mmacosx-version-min=12.0 -Wl,-search_paths_first -Wl,-headerpad_max_install_names  -v -Wl,-v CMakeFiles/cmTC_a574b.dir/CMakeCCompilerABI.c.o -o cmTC_a574b 
Apple clang version 13.1.6 (clang-1316.0.21.2.5)
Target: x86_64-apple-darwin21.1.0
Thread model: posix
InstalledDir: /Applications/Xcode.app/Contents/Developer/Toolchains/XcodeDefault.xctoolchain/usr/bin
 "/Applications/Xcode.app/Contents/Developer/Toolchains/XcodeDefault.xctoolchain/usr/bin/ld" -demangle -lto_library /Applications/Xcode.app/Contents/Developer/Toolchains/XcodeDefault.xctoolchain/usr/lib/libLTO.dylib -dynamic -arch x86_64 -platform_version macos 12.0.0 12.3 -syslibroot /Applications/Xcode.app/Contents/Developer/Platforms/MacOSX.platform/Developer/SDKs/MacOSX12.3.sdk -o cmTC_a574b -search_paths_first -headerpad_max_install_names -v CMakeFiles/cmTC_a574b.dir/CMakeCCompilerABI.c.o -lSystem /Applications/Xcode.app/Contents/Developer/Toolchains/XcodeDefault.xctoolchain/usr/lib/clang/13.1.6/lib/darwin/libclang_rt.osx.a
@(#)PROGRAM:ld  PROJECT:ld64-764
BUILD 11:29:01 May 17 2022
configured to support archs: armv6 armv7 armv7s arm64 arm64e arm64_32 i386 x86_64 x86_64h armv6m armv7k armv7m armv7em
Library search paths:
	/Applications/Xcode.app/Contents/Developer/Platforms/MacOSX.platform/Developer/SDKs/MacOSX12.3.sdk/usr/lib
Framework search paths:
	/Applications/Xcode.app/Contents/Developer/Platforms/MacOSX.platform/Developer/SDKs/MacOSX12.3.sdk/System/Library/Frameworks/



Parsed C implicit include dir info from above output: rv=done
  found start of include info
  found start of implicit include info
    add: [/Applications/Xcode.app/Contents/Developer/Toolchains/XcodeDefault.xctoolchain/usr/lib/clang/13.1.6/include]
    add: [/Applications/Xcode.app/Contents/Developer/Platforms/MacOSX.platform/Developer/SDKs/MacOSX12.3.sdk/usr/include]
    add: [/Applications/Xcode.app/Contents/Developer/Toolchains/XcodeDefault.xctoolchain/usr/include]
  end of search list found
  collapse include dir [/Applications/Xcode.app/Contents/Developer/Toolchains/XcodeDefault.xctoolchain/usr/lib/clang/13.1.6/include] ==> [/Applications/Xcode.app/Contents/Developer/Toolchains/XcodeDefault.xctoolchain/usr/lib/clang/13.1.6/include]
  collapse include dir [/Applications/Xcode.app/Contents/Developer/Platforms/MacOSX.platform/Developer/SDKs/MacOSX12.3.sdk/usr/include] ==> [/Applications/Xcode.app/Contents/Developer/Platforms/MacOSX.platform/Developer/SDKs/MacOSX12.3.sdk/usr/include]
  collapse include dir [/Applications/Xcode.app/Contents/Developer/Toolchains/XcodeDefault.xctoolchain/usr/include] ==> [/Applications/Xcode.app/Contents/Developer/Toolchains/XcodeDefault.xctoolchain/usr/include]
  implicit include dirs: [/Applications/Xcode.app/Contents/Developer/Toolchains/XcodeDefault.xctoolchain/usr/lib/clang/13.1.6/include;/Applications/Xcode.app/Contents/Developer/Platforms/MacOSX.platform/Developer/SDKs/MacOSX12.3.sdk/usr/include;/Applications/Xcode.app/Contents/Developer/Toolchains/XcodeDefault.xctoolchain/usr/include]


Parsed C implicit link information from above output:
  link line regex: [^( *|.*[/\])(ld|CMAKE_LINK_STARTFILE-NOTFOUND|([^/\]+-)?ld|collect2)[^/\]*( |$)]
  ignore line: [Change Dir: /Users/jesse0x90/Documents/code/projects/pcre2/build/CMakeFiles/CMakeTmp]
  ignore line: []
  ignore line: [Run Build Command(s):/usr/bin/make -f Makefile cmTC_a574b/fast && /Applications/Xcode.app/Contents/Developer/usr/bin/make  -f CMakeFiles/cmTC_a574b.dir/build.make CMakeFiles/cmTC_a574b.dir/build]
  ignore line: [Building C object CMakeFiles/cmTC_a574b.dir/CMakeCCompilerABI.c.o]
  ignore line: [/Applications/Xcode.app/Contents/Developer/Toolchains/XcodeDefault.xctoolchain/usr/bin/cc   -isysroot /Applications/Xcode.app/Contents/Developer/Platforms/MacOSX.platform/Developer/SDKs/MacOSX12.3.sdk -mmacosx-version-min=12.0   -v -Wl -v -MD -MT CMakeFiles/cmTC_a574b.dir/CMakeCCompilerABI.c.o -MF CMakeFiles/cmTC_a574b.dir/CMakeCCompilerABI.c.o.d -o CMakeFiles/cmTC_a574b.dir/CMakeCCompilerABI.c.o -c /usr/local/Cellar/cmake/3.20.1/share/cmake/Modules/CMakeCCompilerABI.c]
  ignore line: [Apple clang version 13.1.6 (clang-1316.0.21.2.5)]
  ignore line: [Target: x86_64-apple-darwin21.1.0]
  ignore line: [Thread model: posix]
  ignore line: [InstalledDir: /Applications/Xcode.app/Contents/Developer/Toolchains/XcodeDefault.xctoolchain/usr/bin]
  ignore line: [clang: warning: -Wl -v: 'linker' input unused [-Wunused-command-line-argument]]
  ignore line: [ "/Applications/Xcode.app/Contents/Developer/Toolchains/XcodeDefault.xctoolchain/usr/bin/clang" -cc1 -triple x86_64-apple-macosx12.0.0 -Wundef-prefix=TARGET_OS_ -Wdeprecated-objc-isa-usage -Werror=deprecated-objc-isa-usage -Werror=implicit-function-declaration -emit-obj -mrelax-all --mrelax-relocations -disable-free -disable-llvm-verifier -discard-value-names -main-file-name CMakeCCompilerABI.c -mrelocation-model pic -pic-level 2 -mframe-pointer=all -fno-strict-return -fno-rounding-math -munwind-tables -target-sdk-version=12.3 -fvisibility-inlines-hidden-static-local-var -target-cpu penryn -tune-cpu generic -debugger-tuning=lldb -target-linker-version 763 -v -resource-dir /Applications/Xcode.app/Contents/Developer/Toolchains/XcodeDefault.xctoolchain/usr/lib/clang/13.1.6 -dependency-file CMakeFiles/cmTC_a574b.dir/CMakeCCompilerABI.c.o.d -skip-unused-modulemap-deps -MT CMakeFiles/cmTC_a574b.dir/CMakeCCompilerABI.c.o -sys-header-deps -isysroot /Applications/Xcode.app/Contents/Developer/Platforms/MacOSX.platform/Developer/SDKs/MacOSX12.3.sdk -internal-isystem /Applications/Xcode.app/Contents/Developer/Platforms/MacOSX.platform/Developer/SDKs/MacOSX12.3.sdk/usr/local/include -internal-isystem /Applications/Xcode.app/Contents/Developer/Toolchains/XcodeDefault.xctoolchain/usr/lib/clang/13.1.6/include -internal-externc-isystem /Applications/Xcode.app/Contents/Developer/Platforms/MacOSX.platform/Developer/SDKs/MacOSX12.3.sdk/usr/include -internal-externc-isystem /Applications/Xcode.app/Contents/Developer/Toolchains/XcodeDefault.xctoolchain/usr/include -Wno-reorder-init-list -Wno-implicit-int-float-conversion -Wno-c99-designator -Wno-final-dtor-non-final-class -Wno-extra-semi-stmt -Wno-misleading-indentation -Wno-quoted-include-in-framework-header -Wno-implicit-fallthrough -Wno-enum-enum-conversion -Wno-enum-float-conversion -Wno-elaborated-enum-base -Wno-reserved-identifier -Wno-gnu-folding-constant -Wno-objc-load-method -fdebug-compilation-dir=/Users/jesse0x90/Documents/code/projects/pcre2/build/CMakeFiles/CMakeTmp -ferror-limit 19 -stack-protector 1 -fstack-check -mdarwin-stkchk-strong-link -fblocks -fencode-extended-block-signature -fregister-global-dtors-with-atexit -fgnuc-version=4.2.1 -fmax-type-align=16 -fcommon -clang-vendor-feature=+messageToSelfInClassMethodIdReturnType -clang-vendor-feature=+disableInferNewAvailabilityFromInit -clang-vendor-feature=+disableNonDependentMemberExprInCurrentInstantiation -fno-odr-hash-protocols -clang-vendor-feature=+enableAggressiveVLAFolding -clang-vendor-feature=+revert09abecef7bbf -clang-vendor-feature=+thisNoAlignAttr -clang-vendor-feature=+thisNoNullAttr -mllvm -disable-aligned-alloc-awareness=1 -D__GCC_HAVE_DWARF2_CFI_ASM=1 -o CMakeFiles/cmTC_a574b.dir/CMakeCCompilerABI.c.o -x c /usr/local/Cellar/cmake/3.20.1/share/cmake/Modules/CMakeCCompilerABI.c]
  ignore line: [clang -cc1 version 13.1.6 (clang-1316.0.21.2.5) default target x86_64-apple-darwin21.1.0]
  ignore line: [ignoring nonexistent directory "/Applications/Xcode.app/Contents/Developer/Platforms/MacOSX.platform/Developer/SDKs/MacOSX12.3.sdk/usr/local/include"]
  ignore line: [ignoring nonexistent directory "/Applications/Xcode.app/Contents/Developer/Platforms/MacOSX.platform/Developer/SDKs/MacOSX12.3.sdk/Library/Frameworks"]
  ignore line: [#include "..." search starts here:]
  ignore line: [#include <...> search starts here:]
  ignore line: [ /Applications/Xcode.app/Contents/Developer/Toolchains/XcodeDefault.xctoolchain/usr/lib/clang/13.1.6/include]
  ignore line: [ /Applications/Xcode.app/Contents/Developer/Platforms/MacOSX.platform/Developer/SDKs/MacOSX12.3.sdk/usr/include]
  ignore line: [ /Applications/Xcode.app/Contents/Developer/Toolchains/XcodeDefault.xctoolchain/usr/include]
  ignore line: [ /Applications/Xcode.app/Contents/Developer/Platforms/MacOSX.platform/Developer/SDKs/MacOSX12.3.sdk/System/Library/Frameworks (framework directory)]
  ignore line: [End of search list.]
  ignore line: [Linking C executable cmTC_a574b]
  ignore line: [/usr/local/Cellar/cmake/3.20.1/bin/cmake -E cmake_link_script CMakeFiles/cmTC_a574b.dir/link.txt --verbose=1]
  ignore line: [/Applications/Xcode.app/Contents/Developer/Toolchains/XcodeDefault.xctoolchain/usr/bin/cc  -isysroot /Applications/Xcode.app/Contents/Developer/Platforms/MacOSX.platform/Developer/SDKs/MacOSX12.3.sdk -mmacosx-version-min=12.0 -Wl -search_paths_first -Wl -headerpad_max_install_names  -v -Wl -v CMakeFiles/cmTC_a574b.dir/CMakeCCompilerABI.c.o -o cmTC_a574b ]
  ignore line: [Apple clang version 13.1.6 (clang-1316.0.21.2.5)]
  ignore line: [Target: x86_64-apple-darwin21.1.0]
  ignore line: [Thread model: posix]
  ignore line: [InstalledDir: /Applications/Xcode.app/Contents/Developer/Toolchains/XcodeDefault.xctoolchain/usr/bin]
  link line: [ "/Applications/Xcode.app/Contents/Developer/Toolchains/XcodeDefault.xctoolchain/usr/bin/ld" -demangle -lto_library /Applications/Xcode.app/Contents/Developer/Toolchains/XcodeDefault.xctoolchain/usr/lib/libLTO.dylib -dynamic -arch x86_64 -platform_version macos 12.0.0 12.3 -syslibroot /Applications/Xcode.app/Contents/Developer/Platforms/MacOSX.platform/Developer/SDKs/MacOSX12.3.sdk -o cmTC_a574b -search_paths_first -headerpad_max_install_names -v CMakeFiles/cmTC_a574b.dir/CMakeCCompilerABI.c.o -lSystem /Applications/Xcode.app/Contents/Developer/Toolchains/XcodeDefault.xctoolchain/usr/lib/clang/13.1.6/lib/darwin/libclang_rt.osx.a]
    arg [/Applications/Xcode.app/Contents/Developer/Toolchains/XcodeDefault.xctoolchain/usr/bin/ld] ==> ignore
    arg [-demangle] ==> ignore
    arg [-lto_library] ==> ignore, skip following value
    arg [/Applications/Xcode.app/Contents/Developer/Toolchains/XcodeDefault.xctoolchain/usr/lib/libLTO.dylib] ==> skip value of -lto_library
    arg [-dynamic] ==> ignore
    arg [-arch] ==> ignore
    arg [x86_64] ==> ignore
    arg [-platform_version] ==> ignore
    arg [macos] ==> ignore
    arg [12.0.0] ==> ignore
    arg [12.3] ==> ignore
    arg [-syslibroot] ==> ignore
    arg [/Applications/Xcode.app/Contents/Developer/Platforms/MacOSX.platform/Developer/SDKs/MacOSX12.3.sdk] ==> ignore
    arg [-o] ==> ignore
    arg [cmTC_a574b] ==> ignore
    arg [-search_paths_first] ==> ignore
    arg [-headerpad_max_install_names] ==> ignore
    arg [-v] ==> ignore
    arg [CMakeFiles/cmTC_a574b.dir/CMakeCCompilerABI.c.o] ==> ignore
    arg [-lSystem] ==> lib [System]
    arg [/Applications/Xcode.app/Contents/Developer/Toolchains/XcodeDefault.xctoolchain/usr/lib/clang/13.1.6/lib/darwin/libclang_rt.osx.a] ==> lib [/Applications/Xcode.app/Contents/Developer/Toolchains/XcodeDefault.xctoolchain/usr/lib/clang/13.1.6/lib/darwin/libclang_rt.osx.a]
  Library search paths: [;/Applications/Xcode.app/Contents/Developer/Platforms/MacOSX.platform/Developer/SDKs/MacOSX12.3.sdk/usr/lib]
  Framework search paths: [;/Applications/Xcode.app/Contents/Developer/Platforms/MacOSX.platform/Developer/SDKs/MacOSX12.3.sdk/System/Library/Frameworks/]
  remove lib [System]
  remove lib [/Applications/Xcode.app/Contents/Developer/Toolchains/XcodeDefault.xctoolchain/usr/lib/clang/13.1.6/lib/darwin/libclang_rt.osx.a]
  collapse library dir [/Applications/Xcode.app/Contents/Developer/Platforms/MacOSX.platform/Developer/SDKs/MacOSX12.3.sdk/usr/lib] ==> [/Applications/Xcode.app/Contents/Developer/Platforms/MacOSX.platform/Developer/SDKs/MacOSX12.3.sdk/usr/lib]
  collapse framework dir [/Applications/Xcode.app/Contents/Developer/Platforms/MacOSX.platform/Developer/SDKs/MacOSX12.3.sdk/System/Library/Frameworks/] ==> [/Applications/Xcode.app/Contents/Developer/Platforms/MacOSX.platform/Developer/SDKs/MacOSX12.3.sdk/System/Library/Frameworks]
  implicit libs: []
  implicit objs: []
  implicit dirs: [/Applications/Xcode.app/Contents/Developer/Platforms/MacOSX.platform/Developer/SDKs/MacOSX12.3.sdk/usr/lib]
  implicit fwks: [/Applications/Xcode.app/Contents/Developer/Platforms/MacOSX.platform/Developer/SDKs/MacOSX12.3.sdk/System/Library/Frameworks]


Determining if the BZ2_bzCompressInit exist passed with the following output:
Change Dir: /Users/jesse0x90/Documents/code/projects/pcre2/build/CMakeFiles/CMakeTmp

Run Build Command(s):/usr/bin/make -f Makefile cmTC_f4ff9/fast && /Applications/Xcode.app/Contents/Developer/usr/bin/make  -f CMakeFiles/cmTC_f4ff9.dir/build.make CMakeFiles/cmTC_f4ff9.dir/build
Building C object CMakeFiles/cmTC_f4ff9.dir/CheckSymbolExists.c.o
/Applications/Xcode.app/Contents/Developer/Toolchains/XcodeDefault.xctoolchain/usr/bin/cc   -isysroot /Applications/Xcode.app/Contents/Developer/Platforms/MacOSX.platform/Developer/SDKs/MacOSX12.3.sdk -mmacosx-version-min=12.0 -MD -MT CMakeFiles/cmTC_f4ff9.dir/CheckSymbolExists.c.o -MF CMakeFiles/cmTC_f4ff9.dir/CheckSymbolExists.c.o.d -o CMakeFiles/cmTC_f4ff9.dir/CheckSymbolExists.c.o -c /Users/jesse0x90/Documents/code/projects/pcre2/build/CMakeFiles/CMakeTmp/CheckSymbolExists.c
Linking C executable cmTC_f4ff9
/usr/local/Cellar/cmake/3.20.1/bin/cmake -E cmake_link_script CMakeFiles/cmTC_f4ff9.dir/link.txt --verbose=1
/Applications/Xcode.app/Contents/Developer/Toolchains/XcodeDefault.xctoolchain/usr/bin/cc  -isysroot /Applications/Xcode.app/Contents/Developer/Platforms/MacOSX.platform/Developer/SDKs/MacOSX12.3.sdk -mmacosx-version-min=12.0 -Wl,-search_paths_first -Wl,-headerpad_max_install_names CMakeFiles/cmTC_f4ff9.dir/CheckSymbolExists.c.o -o cmTC_f4ff9  /Applications/Xcode.app/Contents/Developer/Platforms/MacOSX.platform/Developer/SDKs/MacOSX12.3.sdk/usr/lib/libbz2.tbd 


File /Users/jesse0x90/Documents/code/projects/pcre2/build/CMakeFiles/CMakeTmp/CheckSymbolExists.c:
/* */
#include <bzlib.h>

int main(int argc, char** argv)
{
  (void)argv;
#ifndef BZ2_bzCompressInit
  return ((int*)(&BZ2_bzCompressInit))[argc];
#else
  (void)argc;
  return 0;
#endif
}
Determining if the include file dirent.h exists passed with the following output:
Change Dir: /Users/jesse0x90/Documents/code/projects/pcre2/build/CMakeFiles/CMakeTmp

Run Build Command(s):/usr/bin/make -f Makefile cmTC_51069/fast && /Applications/Xcode.app/Contents/Developer/usr/bin/make  -f CMakeFiles/cmTC_51069.dir/build.make CMakeFiles/cmTC_51069.dir/build
Building C object CMakeFiles/cmTC_51069.dir/CheckIncludeFile.c.o
/Applications/Xcode.app/Contents/Developer/Toolchains/XcodeDefault.xctoolchain/usr/bin/cc   -isysroot /Applications/Xcode.app/Contents/Developer/Platforms/MacOSX.platform/Developer/SDKs/MacOSX12.3.sdk -mmacosx-version-min=12.0 -MD -MT CMakeFiles/cmTC_51069.dir/CheckIncludeFile.c.o -MF CMakeFiles/cmTC_51069.dir/CheckIncludeFile.c.o.d -o CMakeFiles/cmTC_51069.dir/CheckIncludeFile.c.o -c /Users/jesse0x90/Documents/code/projects/pcre2/build/CMakeFiles/CMakeTmp/CheckIncludeFile.c
Linking C executable cmTC_51069
/usr/local/Cellar/cmake/3.20.1/bin/cmake -E cmake_link_script CMakeFiles/cmTC_51069.dir/link.txt --verbose=1
/Applications/Xcode.app/Contents/Developer/Toolchains/XcodeDefault.xctoolchain/usr/bin/cc  -isysroot /Applications/Xcode.app/Contents/Developer/Platforms/MacOSX.platform/Developer/SDKs/MacOSX12.3.sdk -mmacosx-version-min=12.0 -Wl,-search_paths_first -Wl,-headerpad_max_install_names CMakeFiles/cmTC_51069.dir/CheckIncludeFile.c.o -o cmTC_51069 



Determining if the include file sys/stat.h exists passed with the following output:
Change Dir: /Users/jesse0x90/Documents/code/projects/pcre2/build/CMakeFiles/CMakeTmp

Run Build Command(s):/usr/bin/make -f Makefile cmTC_53b65/fast && /Applications/Xcode.app/Contents/Developer/usr/bin/make  -f CMakeFiles/cmTC_53b65.dir/build.make CMakeFiles/cmTC_53b65.dir/build
Building C object CMakeFiles/cmTC_53b65.dir/CheckIncludeFile.c.o
/Applications/Xcode.app/Contents/Developer/Toolchains/XcodeDefault.xctoolchain/usr/bin/cc   -isysroot /Applications/Xcode.app/Contents/Developer/Platforms/MacOSX.platform/Developer/SDKs/MacOSX12.3.sdk -mmacosx-version-min=12.0 -MD -MT CMakeFiles/cmTC_53b65.dir/CheckIncludeFile.c.o -MF CMakeFiles/cmTC_53b65.dir/CheckIncludeFile.c.o.d -o CMakeFiles/cmTC_53b65.dir/CheckIncludeFile.c.o -c /Users/jesse0x90/Documents/code/projects/pcre2/build/CMakeFiles/CMakeTmp/CheckIncludeFile.c
Linking C executable cmTC_53b65
/usr/local/Cellar/cmake/3.20.1/bin/cmake -E cmake_link_script CMakeFiles/cmTC_53b65.dir/link.txt --verbose=1
/Applications/Xcode.app/Contents/Developer/Toolchains/XcodeDefault.xctoolchain/usr/bin/cc  -isysroot /Applications/Xcode.app/Contents/Developer/Platforms/MacOSX.platform/Developer/SDKs/MacOSX12.3.sdk -mmacosx-version-min=12.0 -Wl,-search_paths_first -Wl,-headerpad_max_install_names CMakeFiles/cmTC_53b65.dir/CheckIncludeFile.c.o -o cmTC_53b65 



Determining if the include file sys/types.h exists passed with the following output:
Change Dir: /Users/jesse0x90/Documents/code/projects/pcre2/build/CMakeFiles/CMakeTmp

Run Build Command(s):/usr/bin/make -f Makefile cmTC_7f8a9/fast && /Applications/Xcode.app/Contents/Developer/usr/bin/make  -f CMakeFiles/cmTC_7f8a9.dir/build.make CMakeFiles/cmTC_7f8a9.dir/build
Building C object CMakeFiles/cmTC_7f8a9.dir/CheckIncludeFile.c.o
/Applications/Xcode.app/Contents/Developer/Toolchains/XcodeDefault.xctoolchain/usr/bin/cc   -isysroot /Applications/Xcode.app/Contents/Developer/Platforms/MacOSX.platform/Developer/SDKs/MacOSX12.3.sdk -mmacosx-version-min=12.0 -MD -MT CMakeFiles/cmTC_7f8a9.dir/CheckIncludeFile.c.o -MF CMakeFiles/cmTC_7f8a9.dir/CheckIncludeFile.c.o.d -o CMakeFiles/cmTC_7f8a9.dir/CheckIncludeFile.c.o -c /Users/jesse0x90/Documents/code/projects/pcre2/build/CMakeFiles/CMakeTmp/CheckIncludeFile.c
Linking C executable cmTC_7f8a9
/usr/local/Cellar/cmake/3.20.1/bin/cmake -E cmake_link_script CMakeFiles/cmTC_7f8a9.dir/link.txt --verbose=1
/Applications/Xcode.app/Contents/Developer/Toolchains/XcodeDefault.xctoolchain/usr/bin/cc  -isysroot /Applications/Xcode.app/Contents/Developer/Platforms/MacOSX.platform/Developer/SDKs/MacOSX12.3.sdk -mmacosx-version-min=12.0 -Wl,-search_paths_first -Wl,-headerpad_max_install_names CMakeFiles/cmTC_7f8a9.dir/CheckIncludeFile.c.o -o cmTC_7f8a9 



Determining if the include file unistd.h exists passed with the following output:
Change Dir: /Users/jesse0x90/Documents/code/projects/pcre2/build/CMakeFiles/CMakeTmp

Run Build Command(s):/usr/bin/make -f Makefile cmTC_4d82e/fast && /Applications/Xcode.app/Contents/Developer/usr/bin/make  -f CMakeFiles/cmTC_4d82e.dir/build.make CMakeFiles/cmTC_4d82e.dir/build
Building C object CMakeFiles/cmTC_4d82e.dir/CheckIncludeFile.c.o
/Applications/Xcode.app/Contents/Developer/Toolchains/XcodeDefault.xctoolchain/usr/bin/cc   -isysroot /Applications/Xcode.app/Contents/Developer/Platforms/MacOSX.platform/Developer/SDKs/MacOSX12.3.sdk -mmacosx-version-min=12.0 -MD -MT CMakeFiles/cmTC_4d82e.dir/CheckIncludeFile.c.o -MF CMakeFiles/cmTC_4d82e.dir/CheckIncludeFile.c.o.d -o CMakeFiles/cmTC_4d82e.dir/CheckIncludeFile.c.o -c /Users/jesse0x90/Documents/code/projects/pcre2/build/CMakeFiles/CMakeTmp/CheckIncludeFile.c
Linking C executable cmTC_4d82e
/usr/local/Cellar/cmake/3.20.1/bin/cmake -E cmake_link_script CMakeFiles/cmTC_4d82e.dir/link.txt --verbose=1
/Applications/Xcode.app/Contents/Developer/Toolchains/XcodeDefault.xctoolchain/usr/bin/cc  -isysroot /Applications/Xcode.app/Contents/Developer/Platforms/MacOSX.platform/Developer/SDKs/MacOSX12.3.sdk -mmacosx-version-min=12.0 -Wl,-search_paths_first -Wl,-headerpad_max_install_names CMakeFiles/cmTC_4d82e.dir/CheckIncludeFile.c.o -o cmTC_4d82e 



Determining if the bcopy exist passed with the following output:
Change Dir: /Users/jesse0x90/Documents/code/projects/pcre2/build/CMakeFiles/CMakeTmp

Run Build Command(s):/usr/bin/make -f Makefile cmTC_fa0dc/fast && /Applications/Xcode.app/Contents/Developer/usr/bin/make  -f CMakeFiles/cmTC_fa0dc.dir/build.make CMakeFiles/cmTC_fa0dc.dir/build
Building C object CMakeFiles/cmTC_fa0dc.dir/CheckSymbolExists.c.o
/Applications/Xcode.app/Contents/Developer/Toolchains/XcodeDefault.xctoolchain/usr/bin/cc   -isysroot /Applications/Xcode.app/Contents/Developer/Platforms/MacOSX.platform/Developer/SDKs/MacOSX12.3.sdk -mmacosx-version-min=12.0 -MD -MT CMakeFiles/cmTC_fa0dc.dir/CheckSymbolExists.c.o -MF CMakeFiles/cmTC_fa0dc.dir/CheckSymbolExists.c.o.d -o CMakeFiles/cmTC_fa0dc.dir/CheckSymbolExists.c.o -c /Users/jesse0x90/Documents/code/projects/pcre2/build/CMakeFiles/CMakeTmp/CheckSymbolExists.c
Linking C executable cmTC_fa0dc
/usr/local/Cellar/cmake/3.20.1/bin/cmake -E cmake_link_script CMakeFiles/cmTC_fa0dc.dir/link.txt --verbose=1
/Applications/Xcode.app/Contents/Developer/Toolchains/XcodeDefault.xctoolchain/usr/bin/cc  -isysroot /Applications/Xcode.app/Contents/Developer/Platforms/MacOSX.platform/Developer/SDKs/MacOSX12.3.sdk -mmacosx-version-min=12.0 -Wl,-search_paths_first -Wl,-headerpad_max_install_names CMakeFiles/cmTC_fa0dc.dir/CheckSymbolExists.c.o -o cmTC_fa0dc 


File /Users/jesse0x90/Documents/code/projects/pcre2/build/CMakeFiles/CMakeTmp/CheckSymbolExists.c:
/* */
#include <strings.h>

int main(int argc, char** argv)
{
  (void)argv;
#ifndef bcopy
  return ((int*)(&bcopy))[argc];
#else
  (void)argc;
  return 0;
#endif
}
Determining if the memmove exist passed with the following output:
Change Dir: /Users/jesse0x90/Documents/code/projects/pcre2/build/CMakeFiles/CMakeTmp

Run Build Command(s):/usr/bin/make -f Makefile cmTC_6e847/fast && /Applications/Xcode.app/Contents/Developer/usr/bin/make  -f CMakeFiles/cmTC_6e847.dir/build.make CMakeFiles/cmTC_6e847.dir/build
Building C object CMakeFiles/cmTC_6e847.dir/CheckSymbolExists.c.o
/Applications/Xcode.app/Contents/Developer/Toolchains/XcodeDefault.xctoolchain/usr/bin/cc   -isysroot /Applications/Xcode.app/Contents/Developer/Platforms/MacOSX.platform/Developer/SDKs/MacOSX12.3.sdk -mmacosx-version-min=12.0 -MD -MT CMakeFiles/cmTC_6e847.dir/CheckSymbolExists.c.o -MF CMakeFiles/cmTC_6e847.dir/CheckSymbolExists.c.o.d -o CMakeFiles/cmTC_6e847.dir/CheckSymbolExists.c.o -c /Users/jesse0x90/Documents/code/projects/pcre2/build/CMakeFiles/CMakeTmp/CheckSymbolExists.c
Linking C executable cmTC_6e847
/usr/local/Cellar/cmake/3.20.1/bin/cmake -E cmake_link_script CMakeFiles/cmTC_6e847.dir/link.txt --verbose=1
/Applications/Xcode.app/Contents/Developer/Toolchains/XcodeDefault.xctoolchain/usr/bin/cc  -isysroot /Applications/Xcode.app/Contents/Developer/Platforms/MacOSX.platform/Developer/SDKs/MacOSX12.3.sdk -mmacosx-version-min=12.0 -Wl,-search_paths_first -Wl,-headerpad_max_install_names CMakeFiles/cmTC_6e847.dir/CheckSymbolExists.c.o -o cmTC_6e847 


File /Users/jesse0x90/Documents/code/projects/pcre2/build/CMakeFiles/CMakeTmp/CheckSymbolExists.c:
/* */
#include <string.h>

int main(int argc, char** argv)
{
  (void)argv;
#ifndef memmove
  return ((int*)(&memmove))[argc];
#else
  (void)argc;
  return 0;
#endif
}
Determining if the strerror exist passed with the following output:
Change Dir: /Users/jesse0x90/Documents/code/projects/pcre2/build/CMakeFiles/CMakeTmp

Run Build Command(s):/usr/bin/make -f Makefile cmTC_8291b/fast && /Applications/Xcode.app/Contents/Developer/usr/bin/make  -f CMakeFiles/cmTC_8291b.dir/build.make CMakeFiles/cmTC_8291b.dir/build
Building C object CMakeFiles/cmTC_8291b.dir/CheckSymbolExists.c.o
/Applications/Xcode.app/Contents/Developer/Toolchains/XcodeDefault.xctoolchain/usr/bin/cc   -isysroot /Applications/Xcode.app/Contents/Developer/Platforms/MacOSX.platform/Developer/SDKs/MacOSX12.3.sdk -mmacosx-version-min=12.0 -MD -MT CMakeFiles/cmTC_8291b.dir/CheckSymbolExists.c.o -MF CMakeFiles/cmTC_8291b.dir/CheckSymbolExists.c.o.d -o CMakeFiles/cmTC_8291b.dir/CheckSymbolExists.c.o -c /Users/jesse0x90/Documents/code/projects/pcre2/build/CMakeFiles/CMakeTmp/CheckSymbolExists.c
Linking C executable cmTC_8291b
/usr/local/Cellar/cmake/3.20.1/bin/cmake -E cmake_link_script CMakeFiles/cmTC_8291b.dir/link.txt --verbose=1
/Applications/Xcode.app/Contents/Developer/Toolchains/XcodeDefault.xctoolchain/usr/bin/cc  -isysroot /Applications/Xcode.app/Contents/Developer/Platforms/MacOSX.platform/Developer/SDKs/MacOSX12.3.sdk -mmacosx-version-min=12.0 -Wl,-search_paths_first -Wl,-headerpad_max_install_names CMakeFiles/cmTC_8291b.dir/CheckSymbolExists.c.o -o cmTC_8291b 


File /Users/jesse0x90/Documents/code/projects/pcre2/build/CMakeFiles/CMakeTmp/CheckSymbolExists.c:
/* */
#include <string.h>

int main(int argc, char** argv)
{
  (void)argv;
#ifndef strerror
  return ((int*)(&strerror))[argc];
#else
  (void)argc;
  return 0;
#endif
}
Performing C SOURCE FILE Test HAVE_REALPATH succeeded with the following output:
Change Dir: /Users/jesse0x90/Documents/code/projects/pcre2/build/CMakeFiles/CMakeTmp

Run Build Command(s):/usr/bin/make -f Makefile cmTC_9d0e9/fast && /Applications/Xcode.app/Contents/Developer/usr/bin/make  -f CMakeFiles/cmTC_9d0e9.dir/build.make CMakeFiles/cmTC_9d0e9.dir/build
Building C object CMakeFiles/cmTC_9d0e9.dir/src.c.o
/Applications/Xcode.app/Contents/Developer/Toolchains/XcodeDefault.xctoolchain/usr/bin/cc -DHAVE_REALPATH  -isysroot /Applications/Xcode.app/Contents/Developer/Platforms/MacOSX.platform/Developer/SDKs/MacOSX12.3.sdk -mmacosx-version-min=12.0 -MD -MT CMakeFiles/cmTC_9d0e9.dir/src.c.o -MF CMakeFiles/cmTC_9d0e9.dir/src.c.o.d -o CMakeFiles/cmTC_9d0e9.dir/src.c.o -c /Users/jesse0x90/Documents/code/projects/pcre2/build/CMakeFiles/CMakeTmp/src.c
Linking C executable cmTC_9d0e9
/usr/local/Cellar/cmake/3.20.1/bin/cmake -E cmake_link_script CMakeFiles/cmTC_9d0e9.dir/link.txt --verbose=1
/Applications/Xcode.app/Contents/Developer/Toolchains/XcodeDefault.xctoolchain/usr/bin/cc  -isysroot /Applications/Xcode.app/Contents/Developer/Platforms/MacOSX.platform/Developer/SDKs/MacOSX12.3.sdk -mmacosx-version-min=12.0 -Wl,-search_paths_first -Wl,-headerpad_max_install_names CMakeFiles/cmTC_9d0e9.dir/src.c.o -o cmTC_9d0e9 


Source file was:
#include <stdlib.h>
   #include <limits.h>
   int main(int c, char *v[]) { char buf[PATH_MAX]; realpath(v[1], buf); return 0; }
Performing C SOURCE FILE Test HAVE_ATTRIBUTE_UNINITIALIZED succeeded with the following output:
Change Dir: /Users/jesse0x90/Documents/code/projects/pcre2/build/CMakeFiles/CMakeTmp

Run Build Command(s):/usr/bin/make -f Makefile cmTC_93457/fast && /Applications/Xcode.app/Contents/Developer/usr/bin/make  -f CMakeFiles/cmTC_93457.dir/build.make CMakeFiles/cmTC_93457.dir/build
Building C object CMakeFiles/cmTC_93457.dir/src.c.o
/Applications/Xcode.app/Contents/Developer/Toolchains/XcodeDefault.xctoolchain/usr/bin/cc -DHAVE_ATTRIBUTE_UNINITIALIZED  -Werror -isysroot /Applications/Xcode.app/Contents/Developer/Platforms/MacOSX.platform/Developer/SDKs/MacOSX12.3.sdk -mmacosx-version-min=12.0 -MD -MT CMakeFiles/cmTC_93457.dir/src.c.o -MF CMakeFiles/cmTC_93457.dir/src.c.o.d -o CMakeFiles/cmTC_93457.dir/src.c.o -c /Users/jesse0x90/Documents/code/projects/pcre2/build/CMakeFiles/CMakeTmp/src.c
Linking C executable cmTC_93457
/usr/local/Cellar/cmake/3.20.1/bin/cmake -E cmake_link_script CMakeFiles/cmTC_93457.dir/link.txt --verbose=1
/Applications/Xcode.app/Contents/Developer/Toolchains/XcodeDefault.xctoolchain/usr/bin/cc   -Werror -isysroot /Applications/Xcode.app/Contents/Developer/Platforms/MacOSX.platform/Developer/SDKs/MacOSX12.3.sdk -mmacosx-version-min=12.0 -Wl,-search_paths_first -Wl,-headerpad_max_install_names CMakeFiles/cmTC_93457.dir/src.c.o -o cmTC_93457 


Source file was:
int main() { char buf[128] __attribute__((uninitialized)); (void)buf; return 0; }
